[0m12:39:12.633285 [debug] [MainThread]: Sending event: {'category': 'dbt', 'action': 'invocation', 'label': 'start', 'context': [<snowplow_tracker.self_describing_json.SelfDescribingJson object at 0x0000019B372EDC40>, <snowplow_tracker.self_describing_json.SelfDescribingJson object at 0x0000019B33EB0440>, <snowplow_tracker.self_describing_json.SelfDescribingJson object at 0x0000019B35222540>]}


============================== 12:39:12.641302 | 9e96726e-4e55-4037-9185-0adc42303158 ==============================
[0m12:39:12.641302 [info ] [MainThread]: Running with dbt=1.11.0-b2
[0m12:39:12.642290 [debug] [MainThread]: running dbt with arguments {'partial_parse': 'True', 'static_parser': 'True', 'send_anonymous_usage_stats': 'True', 'use_colors': 'True', 'cache_selected_only': 'False', 'target_path': 'None', 'version_check': 'True', 'invocation_command': 'dbt init dbtlearn', 'log_format': 'default', 'warn_error': 'None', 'introspect': 'True', 'debug': 'False', 'printer_width': '80', 'fail_fast': 'False', 'no_print': 'None', 'quiet': 'False', 'empty': 'None', 'use_experimental_parser': 'False', 'log_cache_events': 'False', 'log_path': 'logs', 'indirect_selection': 'eager', 'profiles_dir': 'C:\\Users\\prithvi.marwadi\\.dbt', 'warn_error_options': 'WarnErrorOptionsV2(error=[], warn=[], silence=[])', 'write_json': 'True'}
[0m12:39:12.686790 [debug] [MainThread]: Starter project path: C:\Users\prithvi.marwadi\Desktop\course\venv\Lib\site-packages\dbt\include\starter_project
[0m12:39:12.767309 [info ] [MainThread]: 
Your new dbt project "dbtlearn" was created!

For more information on how to configure the profiles.yml file,
please consult the dbt documentation here:

  https://docs.getdbt.com/docs/configure-your-profile

One more thing:

Need help? Don't hesitate to reach out to us via GitHub issues or on Slack:

  https://community.getdbt.com/

Happy modeling!

[0m12:39:12.768323 [info ] [MainThread]: Setting up your profile.
[0m12:42:48.850756 [info ] [MainThread]: Profile dbtlearn written to C:\Users\prithvi.marwadi\.dbt\profiles.yml using target's profile_template.yml and your supplied values. Run 'dbt debug' to validate the connection.
[0m12:42:48.853756 [debug] [MainThread]: Command `dbt init` succeeded at 12:42:48.853756 after 216.46 seconds
[0m12:42:48.854756 [debug] [MainThread]: Sending event: {'category': 'dbt', 'action': 'invocation', 'label': 'end', 'context': [<snowplow_tracker.self_describing_json.SelfDescribingJson object at 0x0000019B34C00B90>, <snowplow_tracker.self_describing_json.SelfDescribingJson object at 0x0000019B39B135F0>, <snowplow_tracker.self_describing_json.SelfDescribingJson object at 0x0000019B3984CB90>]}
[0m12:42:48.854756 [debug] [MainThread]: Flushing usage events
[0m12:42:50.422907 [debug] [MainThread]: An error was encountered while trying to flush usage events
[0m12:43:33.358624 [debug] [MainThread]: Sending event: {'category': 'dbt', 'action': 'invocation', 'label': 'start', 'context': [<snowplow_tracker.self_describing_json.SelfDescribingJson object at 0x000001F0743974A0>, <snowplow_tracker.self_describing_json.SelfDescribingJson object at 0x000001F07AAFA750>, <snowplow_tracker.self_describing_json.SelfDescribingJson object at 0x000001F07A56EFC0>]}


============================== 12:43:33.370605 | 6f8dbfc5-8d25-4ad4-abd2-72a393acc19e ==============================
[0m12:43:33.370605 [info ] [MainThread]: Running with dbt=1.11.0-b2
[0m12:43:33.372610 [debug] [MainThread]: running dbt with arguments {'partial_parse': 'True', 'static_parser': 'True', 'send_anonymous_usage_stats': 'True', 'warn_error': 'None', 'cache_selected_only': 'False', 'target_path': 'None', 'use_colors': 'True', 'invocation_command': 'dbt debug', 'log_format': 'default', 'version_check': 'True', 'introspect': 'True', 'debug': 'False', 'log_cache_events': 'False', 'fail_fast': 'False', 'no_print': 'None', 'quiet': 'False', 'use_experimental_parser': 'False', 'printer_width': '80', 'empty': 'None', 'log_path': 'logs', 'indirect_selection': 'eager', 'profiles_dir': 'C:\\Users\\prithvi.marwadi\\.dbt', 'warn_error_options': 'WarnErrorOptionsV2(error=[], warn=[], silence=[])', 'write_json': 'True'}
[0m12:43:33.434877 [info ] [MainThread]: dbt version: 1.11.0-b2
[0m12:43:33.435878 [info ] [MainThread]: python version: 3.12.9
[0m12:43:33.435878 [info ] [MainThread]: python path: C:\Users\prithvi.marwadi\Desktop\course\venv\Scripts\python.exe
[0m12:43:33.436880 [info ] [MainThread]: os info: Windows-10-10.0.19045-SP0
[0m12:43:34.930470 [info ] [MainThread]: Using profiles dir at C:\Users\prithvi.marwadi\.dbt
[0m12:43:34.931455 [info ] [MainThread]: Using profiles.yml file at C:\Users\prithvi.marwadi\.dbt\profiles.yml
[0m12:43:34.931455 [info ] [MainThread]: Using dbt_project.yml file at C:\Users\prithvi.marwadi\Desktop\course\dbt_project.yml
[0m12:43:34.933454 [info ] [MainThread]: adapter type: snowflake
[0m12:43:34.934472 [info ] [MainThread]: adapter version: 1.10.2
[0m12:43:34.935454 [info ] [MainThread]: Configuration:
[0m12:43:34.935454 [info ] [MainThread]:   profiles.yml file [[32mOK found and valid[0m]
[0m12:43:34.936453 [info ] [MainThread]:   dbt_project.yml file [[31mERROR not found[0m]
[0m12:43:34.936453 [info ] [MainThread]: Required dependencies:
[0m12:43:34.937474 [debug] [MainThread]: Executing "git --help"
[0m12:43:35.035460 [debug] [MainThread]: STDOUT: "b"usage: git [-v | --version] [-h | --help] [-C <path>] [-c <name>=<value>]\n           [--exec-path[=<path>]] [--html-path] [--man-path] [--info-path]\n           [-p | --paginate | -P | --no-pager] [--no-replace-objects] [--no-lazy-fetch]\n           [--no-optional-locks] [--no-advice] [--bare] [--git-dir=<path>]\n           [--work-tree=<path>] [--namespace=<name>] [--config-env=<name>=<envvar>]\n           <command> [<args>]\n\nThese are common Git commands used in various situations:\n\nstart a working area (see also: git help tutorial)\n   clone      Clone a repository into a new directory\n   init       Create an empty Git repository or reinitialize an existing one\n\nwork on the current change (see also: git help everyday)\n   add        Add file contents to the index\n   mv         Move or rename a file, a directory, or a symlink\n   restore    Restore working tree files\n   rm         Remove files from the working tree and from the index\n\nexamine the history and state (see also: git help revisions)\n   bisect     Use binary search to find the commit that introduced a bug\n   diff       Show changes between commits, commit and working tree, etc\n   grep       Print lines matching a pattern\n   log        Show commit logs\n   show       Show various types of objects\n   status     Show the working tree status\n\ngrow, mark and tweak your common history\n   backfill   Download missing objects in a partial clone\n   branch     List, create, or delete branches\n   commit     Record changes to the repository\n   merge      Join two or more development histories together\n   rebase     Reapply commits on top of another base tip\n   reset      Reset current HEAD to the specified state\n   switch     Switch branches\n   tag        Create, list, delete or verify a tag object signed with GPG\n\ncollaborate (see also: git help workflows)\n   fetch      Download objects and refs from another repository\n   pull       Fetch from and integrate with another repository or a local branch\n   push       Update remote refs along with associated objects\n\n'git help -a' and 'git help -g' list available subcommands and some\nconcept guides. See 'git help <command>' or 'git help <concept>'\nto read about a specific subcommand or concept.\nSee 'git help git' for an overview of the system.\n""
[0m12:43:35.036456 [debug] [MainThread]: STDERR: "b''"
[0m12:43:35.036456 [info ] [MainThread]:  - git [[32mOK found[0m]

[0m12:43:35.037453 [info ] [MainThread]: Connection:
[0m12:43:35.038457 [info ] [MainThread]:   account: SCJRNVA-ZH91357
[0m12:43:35.038457 [info ] [MainThread]:   user: dbt
[0m12:43:35.039455 [info ] [MainThread]:   database: AIRBNB
[0m12:43:35.040454 [info ] [MainThread]:   warehouse: COMPUTE_WH
[0m12:43:35.040454 [info ] [MainThread]:   role: transform
[0m12:43:35.041455 [info ] [MainThread]:   schema: DEV
[0m12:43:35.042454 [info ] [MainThread]:   authenticator: None
[0m12:43:35.043456 [info ] [MainThread]:   oauth_client_id: None
[0m12:43:35.044457 [info ] [MainThread]:   query_tag: None
[0m12:43:35.046457 [info ] [MainThread]:   client_session_keep_alive: False
[0m12:43:35.047457 [info ] [MainThread]:   host: None
[0m12:43:35.047457 [info ] [MainThread]:   port: None
[0m12:43:35.049460 [info ] [MainThread]:   proxy_host: None
[0m12:43:35.050459 [info ] [MainThread]:   proxy_port: None
[0m12:43:35.051456 [info ] [MainThread]:   protocol: None
[0m12:43:35.051456 [info ] [MainThread]:   connect_retries: 1
[0m12:43:35.052455 [info ] [MainThread]:   connect_timeout: None
[0m12:43:35.053455 [info ] [MainThread]:   retry_on_database_errors: False
[0m12:43:35.053455 [info ] [MainThread]:   retry_all: False
[0m12:43:35.054456 [info ] [MainThread]:   insecure_mode: False
[0m12:43:35.055459 [info ] [MainThread]:   reuse_connections: True
[0m12:43:35.056460 [info ] [MainThread]:   s3_stage_vpce_dns_name: None
[0m12:43:35.058455 [info ] [MainThread]: Registered adapter: snowflake=1.10.2
[0m12:43:35.891446 [debug] [MainThread]: Acquiring new snowflake connection 'debug'
[0m12:43:39.713765 [debug] [MainThread]: Using snowflake connection "debug"
[0m12:43:39.714765 [debug] [MainThread]: On debug: select 1 as id
[0m12:43:39.714765 [debug] [MainThread]: Opening a new connection, currently in state init
[0m12:43:44.552390 [debug] [MainThread]: SQL status: SUCCESS 1 in 4.838 seconds
[0m12:43:44.557429 [info ] [MainThread]:   Connection test: [[32mOK connection ok[0m]

[0m12:43:44.560403 [info ] [MainThread]: [31m1 check failed:[0m
[0m12:43:44.564389 [info ] [MainThread]: Project loading failed for the following reason:
 project path <C:\Users\prithvi.marwadi\Desktop\course\dbt_project.yml> not found

[0m12:43:44.578384 [debug] [MainThread]: Command `dbt debug` failed at 12:43:44.577385 after 11.49 seconds
[0m12:43:44.582389 [debug] [MainThread]: Connection 'debug' was left open.
[0m12:43:44.585387 [debug] [MainThread]: On debug: Close
[0m12:43:45.330768 [debug] [MainThread]: Sending event: {'category': 'dbt', 'action': 'invocation', 'label': 'end', 'context': [<snowplow_tracker.self_describing_json.SelfDescribingJson object at 0x000001F07A3A3B60>, <snowplow_tracker.self_describing_json.SelfDescribingJson object at 0x000001F07AC7DF70>, <snowplow_tracker.self_describing_json.SelfDescribingJson object at 0x000001F07A147BC0>]}
[0m12:43:45.332768 [debug] [MainThread]: Flushing usage events
[0m12:43:46.818760 [debug] [MainThread]: An error was encountered while trying to flush usage events
[0m12:44:20.365327 [debug] [MainThread]: Sending event: {'category': 'dbt', 'action': 'invocation', 'label': 'start', 'context': [<snowplow_tracker.self_describing_json.SelfDescribingJson object at 0x0000023ACAE182F0>, <snowplow_tracker.self_describing_json.SelfDescribingJson object at 0x0000023ACADDC2F0>, <snowplow_tracker.self_describing_json.SelfDescribingJson object at 0x0000023AC46674A0>]}


============================== 12:44:20.372311 | a2f71cf8-3483-404c-bbf1-f21004da5589 ==============================
[0m12:44:20.372311 [info ] [MainThread]: Running with dbt=1.11.0-b2
[0m12:44:20.373310 [debug] [MainThread]: running dbt with arguments {'partial_parse': 'True', 'profiles_dir': 'C:\\Users\\prithvi.marwadi\\.dbt', 'send_anonymous_usage_stats': 'True', 'use_colors': 'True', 'cache_selected_only': 'False', 'target_path': 'None', 'warn_error': 'None', 'invocation_command': 'dbt debug', 'log_format': 'default', 'version_check': 'True', 'introspect': 'True', 'debug': 'False', 'printer_width': '80', 'fail_fast': 'False', 'no_print': 'None', 'quiet': 'False', 'use_experimental_parser': 'False', 'empty': 'None', 'log_cache_events': 'False', 'indirect_selection': 'eager', 'log_path': 'logs', 'write_json': 'True', 'warn_error_options': 'WarnErrorOptionsV2(error=[], warn=[], silence=[])', 'static_parser': 'True'}
[0m12:44:20.421861 [info ] [MainThread]: dbt version: 1.11.0-b2
[0m12:44:20.421861 [info ] [MainThread]: python version: 3.12.9
[0m12:44:20.422864 [info ] [MainThread]: python path: C:\Users\prithvi.marwadi\Desktop\course\venv\Scripts\python.exe
[0m12:44:20.423868 [info ] [MainThread]: os info: Windows-10-10.0.19045-SP0
[0m12:44:21.170729 [info ] [MainThread]: Using profiles dir at C:\Users\prithvi.marwadi\.dbt
[0m12:44:21.171727 [info ] [MainThread]: Using profiles.yml file at C:\Users\prithvi.marwadi\.dbt\profiles.yml
[0m12:44:21.172739 [info ] [MainThread]: Using dbt_project.yml file at C:\Users\prithvi.marwadi\Desktop\course\dbt_project.yml
[0m12:44:21.174724 [info ] [MainThread]: adapter type: snowflake
[0m12:44:21.174724 [info ] [MainThread]: adapter version: 1.10.2
[0m12:44:21.175739 [info ] [MainThread]: Configuration:
[0m12:44:21.175739 [info ] [MainThread]:   profiles.yml file [[32mOK found and valid[0m]
[0m12:44:21.176740 [info ] [MainThread]:   dbt_project.yml file [[31mERROR not found[0m]
[0m12:44:21.176740 [info ] [MainThread]: Required dependencies:
[0m12:44:21.177735 [debug] [MainThread]: Executing "git --help"
[0m12:44:21.251728 [debug] [MainThread]: STDOUT: "b"usage: git [-v | --version] [-h | --help] [-C <path>] [-c <name>=<value>]\n           [--exec-path[=<path>]] [--html-path] [--man-path] [--info-path]\n           [-p | --paginate | -P | --no-pager] [--no-replace-objects] [--no-lazy-fetch]\n           [--no-optional-locks] [--no-advice] [--bare] [--git-dir=<path>]\n           [--work-tree=<path>] [--namespace=<name>] [--config-env=<name>=<envvar>]\n           <command> [<args>]\n\nThese are common Git commands used in various situations:\n\nstart a working area (see also: git help tutorial)\n   clone      Clone a repository into a new directory\n   init       Create an empty Git repository or reinitialize an existing one\n\nwork on the current change (see also: git help everyday)\n   add        Add file contents to the index\n   mv         Move or rename a file, a directory, or a symlink\n   restore    Restore working tree files\n   rm         Remove files from the working tree and from the index\n\nexamine the history and state (see also: git help revisions)\n   bisect     Use binary search to find the commit that introduced a bug\n   diff       Show changes between commits, commit and working tree, etc\n   grep       Print lines matching a pattern\n   log        Show commit logs\n   show       Show various types of objects\n   status     Show the working tree status\n\ngrow, mark and tweak your common history\n   backfill   Download missing objects in a partial clone\n   branch     List, create, or delete branches\n   commit     Record changes to the repository\n   merge      Join two or more development histories together\n   rebase     Reapply commits on top of another base tip\n   reset      Reset current HEAD to the specified state\n   switch     Switch branches\n   tag        Create, list, delete or verify a tag object signed with GPG\n\ncollaborate (see also: git help workflows)\n   fetch      Download objects and refs from another repository\n   pull       Fetch from and integrate with another repository or a local branch\n   push       Update remote refs along with associated objects\n\n'git help -a' and 'git help -g' list available subcommands and some\nconcept guides. See 'git help <command>' or 'git help <concept>'\nto read about a specific subcommand or concept.\nSee 'git help git' for an overview of the system.\n""
[0m12:44:21.252724 [debug] [MainThread]: STDERR: "b''"
[0m12:44:21.254725 [info ] [MainThread]:  - git [[32mOK found[0m]

[0m12:44:21.255723 [info ] [MainThread]: Connection:
[0m12:44:21.256723 [info ] [MainThread]:   account: SCJRNVA-ZH91357
[0m12:44:21.256723 [info ] [MainThread]:   user: dbt
[0m12:44:21.256723 [info ] [MainThread]:   database: AIRBNB
[0m12:44:21.257720 [info ] [MainThread]:   warehouse: COMPUTE_WH
[0m12:44:21.257720 [info ] [MainThread]:   role: transform
[0m12:44:21.258720 [info ] [MainThread]:   schema: DEV
[0m12:44:21.259722 [info ] [MainThread]:   authenticator: None
[0m12:44:21.259722 [info ] [MainThread]:   oauth_client_id: None
[0m12:44:21.260724 [info ] [MainThread]:   query_tag: None
[0m12:44:21.261725 [info ] [MainThread]:   client_session_keep_alive: False
[0m12:44:21.262725 [info ] [MainThread]:   host: None
[0m12:44:21.263725 [info ] [MainThread]:   port: None
[0m12:44:21.264724 [info ] [MainThread]:   proxy_host: None
[0m12:44:21.264724 [info ] [MainThread]:   proxy_port: None
[0m12:44:21.265724 [info ] [MainThread]:   protocol: None
[0m12:44:21.266722 [info ] [MainThread]:   connect_retries: 1
[0m12:44:21.266722 [info ] [MainThread]:   connect_timeout: None
[0m12:44:21.267725 [info ] [MainThread]:   retry_on_database_errors: False
[0m12:44:21.268726 [info ] [MainThread]:   retry_all: False
[0m12:44:21.270723 [info ] [MainThread]:   insecure_mode: False
[0m12:44:21.271724 [info ] [MainThread]:   reuse_connections: True
[0m12:44:21.272724 [info ] [MainThread]:   s3_stage_vpce_dns_name: None
[0m12:44:21.273724 [info ] [MainThread]: Registered adapter: snowflake=1.10.2
[0m12:44:21.934714 [debug] [MainThread]: Acquiring new snowflake connection 'debug'
[0m12:44:22.105938 [debug] [MainThread]: Using snowflake connection "debug"
[0m12:44:22.106937 [debug] [MainThread]: On debug: select 1 as id
[0m12:44:22.106937 [debug] [MainThread]: Opening a new connection, currently in state init
[0m12:44:26.283551 [debug] [MainThread]: SQL status: SUCCESS 1 in 4.176 seconds
[0m12:44:26.288551 [info ] [MainThread]:   Connection test: [[32mOK connection ok[0m]

[0m12:44:26.291529 [info ] [MainThread]: [31m1 check failed:[0m
[0m12:44:26.294531 [info ] [MainThread]: Project loading failed for the following reason:
 project path <C:\Users\prithvi.marwadi\Desktop\course\dbt_project.yml> not found

[0m12:44:26.301521 [debug] [MainThread]: Command `dbt debug` failed at 12:44:26.300517 after 6.09 seconds
[0m12:44:26.302508 [debug] [MainThread]: Connection 'debug' was left open.
[0m12:44:26.304510 [debug] [MainThread]: On debug: Close
[0m12:44:26.768279 [debug] [MainThread]: Sending event: {'category': 'dbt', 'action': 'invocation', 'label': 'end', 'context': [<snowplow_tracker.self_describing_json.SelfDescribingJson object at 0x0000023ACA4436E0>, <snowplow_tracker.self_describing_json.SelfDescribingJson object at 0x0000023ACD1892E0>, <snowplow_tracker.self_describing_json.SelfDescribingJson object at 0x0000023ACD1B8F80>]}
[0m12:44:26.771280 [debug] [MainThread]: Flushing usage events
[0m12:44:28.346124 [debug] [MainThread]: An error was encountered while trying to flush usage events
